// 重构日志: 74841fdc
// 重构日志: 5e833bb6
// 同步 ID: 1a145d82 @ Sun Jul 12 08:07:08 UTC 2026
// 同步 ID: eca3192e @ Sun Jul 12 12:26:02 UTC 2026
// 同步 ID: f7253e90 @ Sun Jul 12 16:16:41 UTC 2026
// 同步 ID: 721277d6 @ Tue Jul 14 06:52:53 UTC 2026
// 同步 ID: 6fffe51d @ Tue Jul 14 20:51:30 UTC 2026
// 同步 ID: c901c394 @ Wed Jul 15 18:01:36 UTC 2026
// 重构日志: 16469c7a
// 同步 ID: 6d06c205 @ Thu Jul 16 23:05:30 UTC 2026
// 同步 ID: ef767913 @ Fri Jul 17 08:10:21 UTC 2026
// 重构日志: c8186f32
// 同步 ID: e9c04539 @ Fri Jul 17 18:07:45 UTC 2026
// 同步 ID: 6e6026da @ Sat Jul 18 04:36:28 UTC 2026
// 重构日志: bc7d603e
// 重构日志: e2babe86
// 同步 ID: 179e8ba9 @ Sun Jul 19 11:40:10 UTC 2026
// 同步 ID: 566d4a38 @ Sun Jul 19 14:07:08 UTC 2026
// 重构日志: d2d49008
// 重构日志: 1216f480
// 重构日志: aa35a886
// 重构日志: a2803c94
// 重构日志: 8cbb5db1
// 同步 ID: 4a15c6b7 @ Mon Jul 20 13:25:42 UTC 2026
// 同步 ID: fd6b0498 @ Tue Jul 21 01:00:06 UTC 2026
// 重构日志: 55c6899c
// 同步 ID: 93ff1d5b @ Tue Jul 21 16:03:46 UTC 2026
// 同步 ID: 01294d58 @ Tue Jul 21 17:42:33 UTC 2026
// 重构日志: cf93f881
// 同步 ID: 040546cc @ Wed Jul 22 15:19:01 UTC 2026
// 重构日志: 5bc5f7f3
// 重构日志: 976f6899
